<?xml version="1.0" encoding="UTF-8"?>
<!-- Generated by org.testng.reporters.JUnitReportReporter -->
<testsuite hostname="SLL013517" name="DataUtility.UtilityTest" tests="9" failures="0" timestamp="28 Jul 2021 05:46:11 GMT" time="0.527" errors="0">
  <testcase name="testRetrieveColumnNames" time="0.007" classname="DataUtility.UtilityTest"/>
  <testcase name="testFetchData" time="0.007" classname="DataUtility.UtilityTest"/>
  <testcase name="testRetrieveColumnNames" time="0.008" classname="DataUtility.UtilityTest"/>
  <testcase name="testRetrieveTableNames" time="0.007" classname="DataUtility.UtilityTest"/>
  <testcase name="testRetrieveColumnNames" time="0.008" classname="DataUtility.UtilityTest"/>
  <testcase name="testFetchData" time="0.434" classname="DataUtility.UtilityTest"/>
  <testcase name="testFetchData" time="0.007" classname="DataUtility.UtilityTest"/>
  <testcase name="testFetchData" time="0.039" classname="DataUtility.UtilityTest"/>
  <testcase name="testFetchData" time="0.010" classname="DataUtility.UtilityTest"/>
</testsuite> <!-- DataUtility.UtilityTest -->
